<?xml version="1.0" encoding="UTF-8"?>
<!-- Generated by org.testng.reporters.JUnitReportReporter -->
<testsuite hostname="DESKTOP-R6PJG4D" failures="0" tests="4" name="parallell.Test2" time="0.025" errors="0" timestamp="2022-12-14T11:34:46 IST" skipped="0">
  <testcase classname="parallell.Test2" name="Testmethod8" time="0.005"/>
  <system-out/>
  <testcase classname="parallell.Test2" name="Testmethod6" time="0.003"/>
  <system-out/>
  <testcase classname="parallell.Test2" name="Testmethod7" time="0.003"/>
  <system-out/>
  <testcase classname="parallell.Test2" name="Testmethod5" time="0.014"/>
  <system-out/>
</testsuite> <!-- parallell.Test2 -->
