<?xml version="1.0" encoding="UTF-8"?>
<!-- Generated by org.testng.reporters.JUnitReportReporter -->
<testsuite hostname="DESKTOP-R6PJG4D" failures="0" tests="4" name="com.psr.groupTest.NewTest1" time="0.028" errors="0" timestamp="2022-12-08T10:53:06 IST" skipped="0">
  <testcase classname="com.psr.groupTest.NewTest1" name="test5" time="0.003"/>
  <system-out/>
  <testcase classname="com.psr.groupTest.NewTest1" name="test4" time="0.020"/>
  <system-out/>
  <testcase classname="com.psr.groupTest.NewTest1" name="test6" time="0.002"/>
  <system-out/>
  <testcase classname="com.psr.groupTest.NewTest1" name="test7" time="0.003"/>
  <system-out/>
</testsuite> <!-- com.psr.groupTest.NewTest1 -->
