<?xml version="1.0" encoding="UTF-8"?>
<!-- Generated by org.testng.reporters.JUnitReportReporter -->
<testsuite hostname="DESKTOP-R6PJG4D" failures="0" tests="5" name="practise.ParameterWithDataP" time="0.040" errors="0" timestamp="2022-12-08T13:01:12 IST" skipped="0">
  <testcase classname="practise.ParameterWithDataP" name="testPrimeNumberChecker" time="0.005"/>
  <system-out/>
  <testcase classname="practise.ParameterWithDataP" name="testPrimeNumberChecker" time="0.006"/>
  <system-out/>
  <testcase classname="practise.ParameterWithDataP" name="testPrimeNumberChecker" time="0.003"/>
  <system-out/>
  <testcase classname="practise.ParameterWithDataP" name="testPrimeNumberChecker" time="0.014"/>
  <system-out/>
  <testcase classname="practise.ParameterWithDataP" name="testPrimeNumberChecker" time="0.012"/>
  <system-out/>
</testsuite> <!-- practise.ParameterWithDataP -->
