<?xml version="1.0" encoding="UTF-8"?>
<!-- Generated by org.testng.reporters.JUnitReportReporter -->
<testsuite hostname="DESKTOP-R6PJG4D" failures="0" tests="4" name="invocationCount.Count" time="40.440" errors="0" timestamp="2022-12-14T12:33:53 IST" skipped="0">
  <testcase classname="invocationCount.Count" name="TestCount" time="10.811"/>
  <system-out/>
  <testcase classname="invocationCount.Count" name="TestCount" time="7.376"/>
  <system-out/>
  <testcase classname="invocationCount.Count" name="TestCount" time="13.071"/>
  <system-out/>
  <testcase classname="invocationCount.Count" name="TestCount" time="9.182"/>
  <system-out/>
</testsuite> <!-- invocationCount.Count -->
