<?xml version="1.0" encoding="UTF-8"?>
<!-- Generated by org.testng.reporters.JUnitReportReporter -->
<testsuite hostname="DESKTOP-R6PJG4D" failures="0" tests="3" name="listeners.Listen" time="8.228" errors="0" timestamp="2022-12-14T15:33:40 IST" skipped="0">
  <testcase classname="listeners.Listen" name="Login" time="6.332"/>
  <system-out/>
  <testcase classname="listeners.Listen" name="Sign_In" time="1.078"/>
  <system-out/>
  <testcase classname="listeners.Listen" name="Launch" time="0.818"/>
  <system-out/>
</testsuite> <!-- listeners.Listen -->
