<?xml version="1.0" encoding="UTF-8"?>
<!-- Generated by org.testng.reporters.JUnitReportReporter -->
<testsuite hostname="DESKTOP-R6PJG4D" failures="0" tests="8" name="com.psr.dependencyTests.TestGroupDependency" time="0.052" errors="0" timestamp="2022-12-08T11:04:09 IST" skipped="0">
  <testcase classname="com.psr.dependencyTests.TestGroupDependency" name="test0" time="0.002"/>
  <system-out/>
  <testcase classname="com.psr.dependencyTests.TestGroupDependency" name="test4" time="0.003"/>
  <system-out/>
  <testcase classname="com.psr.dependencyTests.TestGroupDependency" name="test5" time="0.005"/>
  <system-out/>
  <testcase classname="com.psr.dependencyTests.TestGroupDependency" name="test7" time="0.003"/>
  <system-out/>
  <testcase classname="com.psr.dependencyTests.TestGroupDependency" name="test2" time="0.004"/>
  <system-out/>
  <testcase classname="com.psr.dependencyTests.TestGroupDependency" name="test6" time="0.024"/>
  <system-out/>
  <testcase classname="com.psr.dependencyTests.TestGroupDependency" name="test3" time="0.003"/>
  <system-out/>
  <testcase classname="com.psr.dependencyTests.TestGroupDependency" name="test1" time="0.008"/>
  <system-out/>
</testsuite> <!-- com.psr.dependencyTests.TestGroupDependency -->
