<?xml version="1.0" encoding="UTF-8"?>
<!-- Generated by org.testng.reporters.JUnitReportReporter -->
<testsuite hostname="DESKTOP-R6PJG4D" failures="0" tests="3" name="com.psr.groupTest.NewTest" time="0.005" errors="0" timestamp="2022-12-08T10:53:06 IST" skipped="0">
  <testcase classname="com.psr.groupTest.NewTest" name="test1" time="0.001"/>
  <system-out/>
  <testcase classname="com.psr.groupTest.NewTest" name="test3" time="0.002"/>
  <system-out/>
  <testcase classname="com.psr.groupTest.NewTest" name="test2" time="0.002"/>
  <system-out/>
</testsuite> <!-- com.psr.groupTest.NewTest -->
