<?xml version="1.0" encoding="UTF-8"?>
<!-- Generated by org.testng.reporters.JUnitReportReporter -->
<testsuite hostname="DESKTOP-R6PJG4D" failures="0" tests="3" name="com.psr.test.NewTest" time="0.026" errors="0" timestamp="2022-12-07T11:11:29 IST" skipped="0">
  <testcase classname="com.psr.test.NewTest" name="test3" time="0.002"/>
  <system-out/>
  <testcase classname="com.psr.test.NewTest" name="test1" time="0.020"/>
  <system-out/>
  <testcase classname="com.psr.test.NewTest" name="test2" time="0.004"/>
  <system-out/>
</testsuite> <!-- com.psr.test.NewTest -->
