<?xml version="1.0" encoding="UTF-8"?>
<!-- Generated by org.testng.reporters.JUnitReportReporter -->
<testsuite hostname="DESKTOP-R6PJG4D" failures="0" tests="3" name="Screenshots.FirstTest" time="4.245" errors="0" timestamp="2022-12-15T11:30:20 IST" skipped="0">
  <testcase classname="Screenshots.FirstTest" name="Sign_In" time="1.081"/>
  <system-out/>
  <testcase classname="Screenshots.FirstTest" name="Login" time="2.385"/>
  <system-out/>
  <testcase classname="Screenshots.FirstTest" name="Launch" time="0.779"/>
  <system-out/>
</testsuite> <!-- Screenshots.FirstTest -->
