<?xml version="1.0" encoding="UTF-8"?>
<!-- Generated by org.testng.reporters.JUnitReportReporter -->
<testsuite hostname="DESKTOP-R6PJG4D" failures="0" tests="3" name="integrationExcel.DataProvi" time="34.624" errors="0" timestamp="2022-12-13T15:41:02 IST" skipped="0">
  <testcase classname="integrationExcel.DataProvi" name="Data" time="12.744"/>
  <system-out/>
  <testcase classname="integrationExcel.DataProvi" name="Data" time="11.236"/>
  <system-out/>
  <testcase classname="integrationExcel.DataProvi" name="Data" time="10.644"/>
  <system-out/>
</testsuite> <!-- integrationExcel.DataProvi -->
