<?xml version="1.0" encoding="UTF-8"?>
<!-- Generated by org.testng.reporters.JUnitReportReporter -->
<testsuite hostname="DESKTOP-R6PJG4D" failures="0" tests="4" name="testNG.Dataproviders" time="60.252" errors="0" timestamp="2022-12-13T16:19:19 IST" skipped="0">
  <testcase classname="testNG.Dataproviders" name="Data" time="16.480"/>
  <system-out/>
  <testcase classname="testNG.Dataproviders" name="Data" time="10.694"/>
  <system-out/>
  <testcase classname="testNG.Dataproviders" name="Data" time="16.599"/>
  <system-out/>
  <testcase classname="testNG.Dataproviders" name="Data" time="16.479"/>
  <system-out/>
</testsuite> <!-- testNG.Dataproviders -->
