<?xml version="1.0" encoding="UTF-8"?>
<!-- Generated by org.testng.reporters.JUnitReportReporter -->
<testsuite hostname="DESKTOP-R6PJG4D" failures="0" tests="3" name="com.psr.test.NewTest1" time="0.008" errors="0" timestamp="2022-12-07T11:11:29 IST" skipped="0">
  <testcase classname="com.psr.test.NewTest1" name="test5" time="0.002"/>
  <system-out/>
  <testcase classname="com.psr.test.NewTest1" name="test4" time="0.004"/>
  <system-out/>
  <testcase classname="com.psr.test.NewTest1" name="test6" time="0.002"/>
  <system-out/>
</testsuite> <!-- com.psr.test.NewTest1 -->
