<?xml version="1.0" encoding="UTF-8"?>
<!-- Generated by org.testng.reporters.JUnitReportReporter -->
<testsuite hostname="DESKTOP-R6PJG4D" failures="0" tests="3" name="com.psr.dependencyTests.DependencyTest" time="0.024" errors="0" timestamp="2022-12-07T18:23:08 IST" skipped="0">
  <testcase classname="com.psr.dependencyTests.DependencyTest" name="CreateShipment" time="0.017"/>
  <system-out/>
  <testcase classname="com.psr.dependencyTests.DependencyTest" name="TrackShipment" time="0.004"/>
  <system-out/>
  <testcase classname="com.psr.dependencyTests.DependencyTest" name="CancelShipment" time="0.003"/>
  <system-out/>
</testsuite> <!-- com.psr.dependencyTests.DependencyTest -->
