<?xml version="1.0" encoding="UTF-8"?>
<!-- Generated by org.testng.reporters.JUnitReportReporter -->
<testsuite hostname="DESKTOP-R6PJG4D" failures="0" tests="5" name="parallell.Test1" time="0.036" errors="0" timestamp="2022-12-14T11:24:24 IST" skipped="0">
  <testcase classname="parallell.Test1" name="Testmethod1" time="0.008"/>
  <system-out/>
  <testcase classname="parallell.Test1" name="Testmethod2" time="0.004"/>
  <system-out/>
  <testcase classname="parallell.Test1" name="Testmethod3" time="0.005"/>
  <system-out/>
  <testcase classname="parallell.Test1" name="Testmethod" time="0.017"/>
  <system-out/>
  <testcase classname="parallell.Test1" name="Testmethod4" time="0.002"/>
  <system-out/>
</testsuite> <!-- parallell.Test1 -->
