<?xml version="1.0" encoding="UTF-8"?>
<!-- Generated by org.testng.reporters.JUnitReportReporter -->
<testsuite hostname="DESKTOP-R6PJG4D" failures="0" tests="2" name="parallell.Test3" time="0.015" errors="0" timestamp="2022-12-14T11:34:28 IST" skipped="0">
  <testcase classname="parallell.Test3" name="Testmethod10" time="0.012"/>
  <system-out/>
  <testcase classname="parallell.Test3" name="Testmethod9" time="0.003"/>
  <system-out/>
</testsuite> <!-- parallell.Test3 -->
