<?xml version="1.0" encoding="UTF-8"?>
<!-- Generated by org.testng.reporters.JUnitReportReporter -->
<testsuite hostname="DESKTOP-R6PJG4D" failures="0" tests="1" name="testNG.DataPSeparateClass" time="0.012" errors="0" timestamp="2022-12-12T14:24:26 IST" skipped="0">
  <testcase classname="testNG.DataPSeparateClass" name="Data" time="0.012"/>
  <system-out/>
</testsuite> <!-- testNG.DataPSeparateClass -->
