<?xml version="1.0" encoding="UTF-8"?>
<!-- Generated by org.testng.reporters.JUnitReportReporter -->
<testsuite hostname="DESKTOP-R6PJG4D" failures="0" tests="1" name="testNG.Returntypes" time="0.011" errors="0" timestamp="2022-12-12T12:51:46 IST" skipped="0">
  <testcase classname="testNG.Returntypes" name="Data" time="0.011"/>
  <system-out/>
</testsuite> <!-- testNG.Returntypes -->
